c:\users\muham\source\repos\project_1\project_1\x64\debug\vc143.pdb
c:\users\muham\source\repos\project_1\project_1\x64\debug\vc143.idb
c:\users\muham\source\repos\project_1\project_1\x64\debug\session_manger.obj
c:\users\muham\source\repos\project_1\project_1\x64\debug\python_binding.obj
c:\users\muham\source\repos\project_1\project_1\x64\debug\project_1.obj
c:\users\muham\source\repos\project_1\project_1\x64\debug\prepocessdatacell.obj
c:\users\muham\source\repos\project_1\project_1\x64\debug\modelcell.obj
c:\users\muham\source\repos\project_1\project_1\x64\debug\imgui_helpers.obj
c:\users\muham\source\repos\project_1\project_1\x64\debug\file_reader_cell.obj
c:\users\muham\source\repos\project_1\project_1\x64\debug\file_1.obj
c:\users\muham\source\repos\project_1\project_1\x64\debug\cell.obj
c:\users\muham\source\repos\project_1\project_1\x64\debug\imgui_widgets.obj
c:\users\muham\source\repos\project_1\project_1\x64\debug\imgui_tables.obj
c:\users\muham\source\repos\project_1\project_1\x64\debug\imgui_impl_opengl3.obj
c:\users\muham\source\repos\project_1\project_1\x64\debug\imgui_draw.obj
c:\users\muham\source\repos\project_1\project_1\x64\debug\imgui_demo.obj
c:\users\muham\source\repos\project_1\project_1\x64\debug\imgui.obj
c:\users\muham\source\repos\project_1\project_1\x64\debug\imgui_impl_glfw.obj
c:\users\muham\source\repos\project_1\project_1\x64\debug\imguifiledialog.obj
c:\users\muham\source\repos\project_1\project_1\x64\debug\tinyfiledialogs.obj
c:\users\muham\source\repos\project_1\x64\debug\project_1.pdb
c:\users\muham\source\repos\project_1\project_1\x64\debug\project_1.tlog\cl.command.1.tlog
c:\users\muham\source\repos\project_1\project_1\x64\debug\project_1.tlog\cl.read.1.tlog
c:\users\muham\source\repos\project_1\project_1\x64\debug\project_1.tlog\cl.write.1.tlog
c:\users\muham\source\repos\project_1\project_1\x64\debug\project_1.tlog\link-cvtres.read.1.tlog
c:\users\muham\source\repos\project_1\project_1\x64\debug\project_1.tlog\link-cvtres.write.1.tlog
c:\users\muham\source\repos\project_1\project_1\x64\debug\project_1.tlog\link-rc.read.1.tlog
c:\users\muham\source\repos\project_1\project_1\x64\debug\project_1.tlog\link-rc.write.1.tlog
c:\users\muham\source\repos\project_1\project_1\x64\debug\project_1.tlog\link.command.1.tlog
c:\users\muham\source\repos\project_1\project_1\x64\debug\project_1.tlog\link.read.1.tlog
c:\users\muham\source\repos\project_1\project_1\x64\debug\project_1.tlog\link.read.2.tlog
c:\users\muham\source\repos\project_1\project_1\x64\debug\project_1.tlog\link.write.1.tlog
